<?xml version="1.0" encoding="UTF-8"?>
<testsuite xmlns:xsi="http://www.w3.org/2001/XMLSchema-instance" xsi:noNamespaceSchemaLocation="https://maven.apache.org/surefire/maven-surefire-plugin/xsd/surefire-test-report.xsd" name="com.example.TqsStackTest" time="0.059" tests="10" errors="0" skipped="0" failures="0">
  <properties>
[...]
</properties>
  <testcase name="npushes" classname="com.example.TqsStackTest" time="0.029"/>
  <testcase name="xpopped" classname="com.example.TqsStackTest" time="0.003"/>
  <testcase name="emptyTest" classname="com.example.TqsStackTest" time="0.003"/>
  <testcase name="popped" classname="com.example.TqsStackTest" time="0.001"/>
  <testcase name="error_empty" classname="com.example.TqsStackTest" time="0.003"/>
  <testcase name="full_stack" classname="com.example.TqsStackTest" time="0.001"/>
  <testcase name="after_n_pops" classname="com.example.TqsStackTest" time="0.001"/>
  <testcase name="sizeTest" classname="com.example.TqsStackTest" time="0.001"/>
  <testcase name="error_peek" classname="com.example.TqsStackTest" time="0.001"/>
  <testcase name="testpopTopN" classname="com.example.TqsStackTest" time="0.001"/>
</testsuite>